[ 2019-11-04T11:14:48+08:00 ] 127.0.0.1 /Home/Goods/index/id/7.html
INFO: [ app_init ] --START--
INFO: Run Behavior\BuildLiteBehavior [ RunTime:0.000009s ]
INFO: [ app_init ] --END-- [ RunTime:0.000887s ]
INFO: [ app_begin ] --START--
INFO: Run Behavior\ReadHtmlCacheBehavior [ RunTime:0.000894s ]
INFO: [ app_begin ] --END-- [ RunTime:0.000925s ]
SQL: SELECT * FROM `wj_category`  [ RunTime:0.0012s ]
SQL: SHOW COLUMNS FROM `wj_goods` [ RunTime:0.0139s ]
SQL: SELECT * FROM `wj_goods` WHERE ( is_sale=1 AND id=7 ) LIMIT 1   [ RunTime:0.0004s ]
SQL: SHOW COLUMNS FROM `wj_goods_img` [ RunTime:0.0109s ]
SQL: SELECT * FROM `wj_goods_img` WHERE ( goods_id=7 )  [ RunTime:0.0004s ]
SQL: SHOW COLUMNS FROM `wj_goods_attr` [ RunTime:0.0107s ]
SQL: SELECT a.*,b.attr_name,b.attr_type FROM wj_goods_attr a left join wj_attribute b on a.attr_id=b.id  WHERE ( a.goods_id=7 )  [ RunTime:0.0008s ]
INFO: [ view_parse ] --START--
INFO: [ template_filter ] --START--
INFO: Run Behavior\ContentReplaceBehavior [ RunTime:0.000127s ]
INFO: [ template_filter ] --END-- [ RunTime:0.000156s ]
INFO: Run Behavior\ParseTemplateBehavior [ RunTime:0.013715s ]
INFO: [ view_parse ] --END-- [ RunTime:0.013747s ]
INFO: [ view_filter ] --START--
INFO: Run Behavior\WriteHtmlCacheBehavior [ RunTime:0.000658s ]
INFO: [ view_filter ] --END-- [ RunTime:0.000679s ]
INFO: [ app_end ] --START--
INFO: Run Behavior\ShowPageTraceBehavior [ RunTime:0.000869s ]
INFO: [ app_end ] --END-- [ RunTime:0.000895s ]

[ 2019-11-04T11:14:54+08:00 ] 127.0.0.1 /Home/Goods/index/id/7.html
INFO: [ app_init ] --START--
INFO: Run Behavior\BuildLiteBehavior [ RunTime:0.000009s ]
INFO: [ app_init ] --END-- [ RunTime:0.000633s ]
INFO: [ app_begin ] --START--
INFO: Run Behavior\ReadHtmlCacheBehavior [ RunTime:0.000852s ]
INFO: [ app_begin ] --END-- [ RunTime:0.000891s ]
SQL: SELECT * FROM `wj_category`  [ RunTime:0.0004s ]
SQL: SHOW COLUMNS FROM `wj_goods` [ RunTime:0.0116s ]
SQL: SELECT * FROM `wj_goods` WHERE ( is_sale=1 AND id=7 ) LIMIT 1   [ RunTime:0.0006s ]
SQL: SHOW COLUMNS FROM `wj_goods_img` [ RunTime:0.0110s ]
SQL: SELECT * FROM `wj_goods_img` WHERE ( goods_id=7 )  [ RunTime:0.0005s ]
SQL: SHOW COLUMNS FROM `wj_goods_attr` [ RunTime:0.0106s ]
SQL: SELECT a.*,b.attr_name,b.attr_type FROM wj_goods_attr a left join wj_attribute b on a.attr_id=b.id  WHERE ( a.goods_id=7 )  [ RunTime:0.0004s ]
INFO: [ view_parse ] --START--
INFO: [ template_filter ] --START--
INFO: Run Behavior\ContentReplaceBehavior [ RunTime:0.000115s ]
INFO: [ template_filter ] --END-- [ RunTime:0.000142s ]
INFO: Run Behavior\ParseTemplateBehavior [ RunTime:0.008291s ]
INFO: [ view_parse ] --END-- [ RunTime:0.008322s ]
INFO: [ view_filter ] --START--
INFO: Run Behavior\WriteHtmlCacheBehavior [ RunTime:0.000577s ]
INFO: [ view_filter ] --END-- [ RunTime:0.000601s ]
INFO: [ app_end ] --START--
INFO: Run Behavior\ShowPageTraceBehavior [ RunTime:0.000944s ]
INFO: [ app_end ] --END-- [ RunTime:0.000973s ]

[ 2019-11-04T11:14:58+08:00 ] 127.0.0.1 /Home/Goods/index/id/7.html
INFO: [ app_init ] --START--
INFO: Run Behavior\BuildLiteBehavior [ RunTime:0.000010s ]
INFO: [ app_init ] --END-- [ RunTime:0.000689s ]
INFO: [ app_begin ] --START--
INFO: Run Behavior\ReadHtmlCacheBehavior [ RunTime:0.000724s ]
INFO: [ app_begin ] --END-- [ RunTime:0.000748s ]
SQL: SELECT * FROM `wj_category`  [ RunTime:0.0004s ]
SQL: SHOW COLUMNS FROM `wj_goods` [ RunTime:0.0107s ]
SQL: SELECT * FROM `wj_goods` WHERE ( is_sale=1 AND id=7 ) LIMIT 1   [ RunTime:0.0005s ]
SQL: SHOW COLUMNS FROM `wj_goods_img` [ RunTime:0.0113s ]
SQL: SELECT * FROM `wj_goods_img` WHERE ( goods_id=7 )  [ RunTime:0.0004s ]
SQL: SHOW COLUMNS FROM `wj_goods_attr` [ RunTime:0.0111s ]
SQL: SELECT a.*,b.attr_name,b.attr_type FROM wj_goods_attr a left join wj_attribute b on a.attr_id=b.id  WHERE ( a.goods_id=7 )  [ RunTime:0.0005s ]
INFO: [ view_parse ] --START--
INFO: [ template_filter ] --START--
INFO: Run Behavior\ContentReplaceBehavior [ RunTime:0.000117s ]
INFO: [ template_filter ] --END-- [ RunTime:0.000146s ]
INFO: Run Behavior\ParseTemplateBehavior [ RunTime:0.010136s ]
INFO: [ view_parse ] --END-- [ RunTime:0.010167s ]
INFO: [ view_filter ] --START--
INFO: Run Behavior\WriteHtmlCacheBehavior [ RunTime:0.000594s ]
INFO: [ view_filter ] --END-- [ RunTime:0.000623s ]
INFO: [ app_end ] --START--
INFO: Run Behavior\ShowPageTraceBehavior [ RunTime:0.000844s ]
INFO: [ app_end ] --END-- [ RunTime:0.000872s ]

[ 2019-11-04T11:15:03+08:00 ] 127.0.0.1 /Home/Goods/index/id/8.html
INFO: [ app_init ] --START--
INFO: Run Behavior\BuildLiteBehavior [ RunTime:0.000011s ]
INFO: [ app_init ] --END-- [ RunTime:0.000583s ]
INFO: [ app_begin ] --START--
INFO: Run Behavior\ReadHtmlCacheBehavior [ RunTime:0.000860s ]
INFO: [ app_begin ] --END-- [ RunTime:0.000894s ]
SQL: SELECT * FROM `wj_category`  [ RunTime:0.0005s ]
SQL: SHOW COLUMNS FROM `wj_goods` [ RunTime:0.0113s ]
SQL: SELECT * FROM `wj_goods` WHERE ( is_sale=1 AND id=8 ) LIMIT 1   [ RunTime:0.0005s ]
SQL: SHOW COLUMNS FROM `wj_goods_img` [ RunTime:0.0097s ]
SQL: SELECT * FROM `wj_goods_img` WHERE ( goods_id=8 )  [ RunTime:0.0005s ]
SQL: SHOW COLUMNS FROM `wj_goods_attr` [ RunTime:0.0100s ]
SQL: SELECT a.*,b.attr_name,b.attr_type FROM wj_goods_attr a left join wj_attribute b on a.attr_id=b.id  WHERE ( a.goods_id=8 )  [ RunTime:0.0004s ]
INFO: [ view_parse ] --START--
INFO: [ template_filter ] --START--
INFO: Run Behavior\ContentReplaceBehavior [ RunTime:0.000123s ]
INFO: [ template_filter ] --END-- [ RunTime:0.000161s ]
INFO: Run Behavior\ParseTemplateBehavior [ RunTime:0.009927s ]
INFO: [ view_parse ] --END-- [ RunTime:0.009965s ]
INFO: [ view_filter ] --START--
INFO: Run Behavior\WriteHtmlCacheBehavior [ RunTime:0.000676s ]
INFO: [ view_filter ] --END-- [ RunTime:0.000701s ]
INFO: [ app_end ] --START--
INFO: Run Behavior\ShowPageTraceBehavior [ RunTime:0.000961s ]
INFO: [ app_end ] --END-- [ RunTime:0.000992s ]

[ 2019-11-04T11:15:08+08:00 ] 127.0.0.1 /Home/Goods/index/id/16.html
INFO: [ app_init ] --START--
INFO: Run Behavior\BuildLiteBehavior [ RunTime:0.000010s ]
INFO: [ app_init ] --END-- [ RunTime:0.000606s ]
INFO: [ app_begin ] --START--
INFO: Run Behavior\ReadHtmlCacheBehavior [ RunTime:0.000701s ]
INFO: [ app_begin ] --END-- [ RunTime:0.000729s ]
SQL: SELECT * FROM `wj_category`  [ RunTime:0.0005s ]
SQL: SHOW COLUMNS FROM `wj_goods` [ RunTime:0.0131s ]
SQL: SELECT * FROM `wj_goods` WHERE ( is_sale=1 AND id=16 ) LIMIT 1   [ RunTime:0.0005s ]
SQL: SHOW COLUMNS FROM `wj_goods_img` [ RunTime:0.0101s ]
SQL: SELECT * FROM `wj_goods_img` WHERE ( goods_id=16 )  [ RunTime:0.0003s ]
SQL: SHOW COLUMNS FROM `wj_goods_attr` [ RunTime:0.0102s ]
SQL: SELECT a.*,b.attr_name,b.attr_type FROM wj_goods_attr a left join wj_attribute b on a.attr_id=b.id  WHERE ( a.goods_id=16 )  [ RunTime:0.0004s ]
NOTIC: [8] Undefined variable: unique D:\MyPhpstorm\wenjun-shop\Application\Home\Controller\GoodsController.class.php 第 35 行.
NOTIC: [8] Undefined variable: single D:\MyPhpstorm\wenjun-shop\Application\Home\Controller\GoodsController.class.php 第 36 行.
INFO: [ view_parse ] --START--
INFO: [ template_filter ] --START--
INFO: Run Behavior\ContentReplaceBehavior [ RunTime:0.000124s ]
INFO: [ template_filter ] --END-- [ RunTime:0.000157s ]
INFO: Run Behavior\ParseTemplateBehavior [ RunTime:0.009934s ]
INFO: [ view_parse ] --END-- [ RunTime:0.009967s ]
INFO: [ view_filter ] --START--
INFO: Run Behavior\WriteHtmlCacheBehavior [ RunTime:0.000528s ]
INFO: [ view_filter ] --END-- [ RunTime:0.000580s ]
INFO: [ app_end ] --START--
INFO: Run Behavior\ShowPageTraceBehavior [ RunTime:0.000834s ]
INFO: [ app_end ] --END-- [ RunTime:0.000866s ]

[ 2019-11-04T16:54:32+08:00 ] 127.0.0.1 /home/index/index
INFO: [ app_init ] --START--
INFO: Run Behavior\BuildLiteBehavior [ RunTime:0.000010s ]
INFO: [ app_init ] --END-- [ RunTime:0.000623s ]
INFO: [ app_begin ] --START--
INFO: Run Behavior\ReadHtmlCacheBehavior [ RunTime:0.000807s ]
INFO: [ app_begin ] --END-- [ RunTime:0.000842s ]
SQL: SELECT * FROM `wj_category`  [ RunTime:0.0004s ]
SQL: SELECT * FROM `wj_goods` WHERE ( is_sale=1 AND is_hot=1 )  [ RunTime:0.0012s ]
SQL: SELECT * FROM `wj_goods` WHERE ( is_sale=1 AND is_rec=1 )  [ RunTime:0.0004s ]
SQL: SELECT * FROM `wj_goods` WHERE ( is_sale=1 AND is_new=1 )  [ RunTime:0.0004s ]
INFO: [ view_parse ] --START--
INFO: [ template_filter ] --START--
INFO: Run Behavior\ContentReplaceBehavior [ RunTime:0.000276s ]
INFO: [ template_filter ] --END-- [ RunTime:0.000320s ]
INFO: Run Behavior\ParseTemplateBehavior [ RunTime:0.027160s ]
INFO: [ view_parse ] --END-- [ RunTime:0.027203s ]
INFO: [ view_filter ] --START--
INFO: Run Behavior\WriteHtmlCacheBehavior [ RunTime:0.000740s ]
INFO: [ view_filter ] --END-- [ RunTime:0.000767s ]
INFO: [ app_end ] --START--
INFO: Run Behavior\ShowPageTraceBehavior [ RunTime:0.001023s ]
INFO: [ app_end ] --END-- [ RunTime:0.001067s ]

[ 2019-11-04T16:54:36+08:00 ] 127.0.0.1 /Home/Goods/index/id/7.html
INFO: [ app_init ] --START--
INFO: Run Behavior\BuildLiteBehavior [ RunTime:0.000010s ]
INFO: [ app_init ] --END-- [ RunTime:0.000811s ]
INFO: [ app_begin ] --START--
INFO: Run Behavior\ReadHtmlCacheBehavior [ RunTime:0.001103s ]
INFO: [ app_begin ] --END-- [ RunTime:0.001170s ]
SQL: SELECT * FROM `wj_category`  [ RunTime:0.0005s ]
SQL: SHOW COLUMNS FROM `wj_goods` [ RunTime:0.0131s ]
SQL: SELECT * FROM `wj_goods` WHERE ( is_sale=1 AND id=7 ) LIMIT 1   [ RunTime:0.0010s ]
SQL: SHOW COLUMNS FROM `wj_goods_img` [ RunTime:0.0138s ]
SQL: SELECT * FROM `wj_goods_img` WHERE ( goods_id=7 )  [ RunTime:0.0006s ]
SQL: SHOW COLUMNS FROM `wj_goods_attr` [ RunTime:0.0144s ]
SQL: SELECT a.*,b.attr_name,b.attr_type FROM wj_goods_attr a left join wj_attribute b on a.attr_id=b.id  WHERE ( a.goods_id=7 )  [ RunTime:0.0053s ]
INFO: [ view_parse ] --START--
INFO: [ template_filter ] --START--
INFO: Run Behavior\ContentReplaceBehavior [ RunTime:0.000123s ]
INFO: [ template_filter ] --END-- [ RunTime:0.000158s ]
INFO: Run Behavior\ParseTemplateBehavior [ RunTime:0.012586s ]
INFO: [ view_parse ] --END-- [ RunTime:0.012625s ]
INFO: [ view_filter ] --START--
INFO: Run Behavior\WriteHtmlCacheBehavior [ RunTime:0.000672s ]
INFO: [ view_filter ] --END-- [ RunTime:0.000718s ]
INFO: [ app_end ] --START--
INFO: Run Behavior\ShowPageTraceBehavior [ RunTime:0.002506s ]
INFO: [ app_end ] --END-- [ RunTime:0.002547s ]

[ 2019-11-04T16:55:44+08:00 ] 127.0.0.1 /home/index/index
INFO: [ app_init ] --START--
INFO: Run Behavior\BuildLiteBehavior [ RunTime:0.000009s ]
INFO: [ app_init ] --END-- [ RunTime:0.000634s ]
INFO: [ app_begin ] --START--
INFO: Run Behavior\ReadHtmlCacheBehavior [ RunTime:0.000840s ]
INFO: [ app_begin ] --END-- [ RunTime:0.000873s ]
SQL: SELECT * FROM `wj_category`  [ RunTime:0.0005s ]
SQL: SELECT * FROM `wj_goods` WHERE ( is_sale=1 AND is_hot=1 )  [ RunTime:0.0006s ]
SQL: SELECT * FROM `wj_goods` WHERE ( is_sale=1 AND is_rec=1 )  [ RunTime:0.0003s ]
SQL: SELECT * FROM `wj_goods` WHERE ( is_sale=1 AND is_new=1 )  [ RunTime:0.0003s ]
INFO: [ view_parse ] --START--
INFO: [ template_filter ] --START--
INFO: Run Behavior\ContentReplaceBehavior [ RunTime:0.000275s ]
INFO: [ template_filter ] --END-- [ RunTime:0.000313s ]
INFO: Run Behavior\ParseTemplateBehavior [ RunTime:0.017225s ]
INFO: [ view_parse ] --END-- [ RunTime:0.017268s ]
INFO: [ view_filter ] --START--
INFO: Run Behavior\WriteHtmlCacheBehavior [ RunTime:0.000769s ]
INFO: [ view_filter ] --END-- [ RunTime:0.000801s ]
INFO: [ app_end ] --START--
INFO: Run Behavior\ShowPageTraceBehavior [ RunTime:0.001383s ]
INFO: [ app_end ] --END-- [ RunTime:0.001434s ]

[ 2019-11-04T16:58:06+08:00 ] 127.0.0.1 /home/index/index
INFO: [ app_init ] --START--
INFO: Run Behavior\BuildLiteBehavior [ RunTime:0.000009s ]
INFO: [ app_init ] --END-- [ RunTime:0.000727s ]
INFO: [ app_begin ] --START--
INFO: Run Behavior\ReadHtmlCacheBehavior [ RunTime:0.000979s ]
INFO: [ app_begin ] --END-- [ RunTime:0.001019s ]
SQL: SELECT * FROM `wj_category`  [ RunTime:0.0004s ]
SQL: SELECT * FROM `wj_goods` WHERE ( is_sale=1 AND is_hot=1 )  [ RunTime:0.0005s ]
SQL: SELECT * FROM `wj_goods` WHERE ( is_sale=1 AND is_rec=1 )  [ RunTime:0.0004s ]
SQL: SELECT * FROM `wj_goods` WHERE ( is_sale=1 AND is_new=1 )  [ RunTime:0.0003s ]
INFO: [ view_parse ] --START--
INFO: [ template_filter ] --START--
INFO: Run Behavior\ContentReplaceBehavior [ RunTime:0.000284s ]
INFO: [ template_filter ] --END-- [ RunTime:0.000329s ]
INFO: Run Behavior\ParseTemplateBehavior [ RunTime:0.021359s ]
INFO: [ view_parse ] --END-- [ RunTime:0.021402s ]
INFO: [ view_filter ] --START--
INFO: Run Behavior\WriteHtmlCacheBehavior [ RunTime:0.001396s ]
INFO: [ view_filter ] --END-- [ RunTime:0.001429s ]
INFO: [ app_end ] --START--
INFO: Run Behavior\ShowPageTraceBehavior [ RunTime:0.001275s ]
INFO: [ app_end ] --END-- [ RunTime:0.001315s ]

[ 2019-11-04T16:58:18+08:00 ] 127.0.0.1 /home/index/index
INFO: [ app_init ] --START--
INFO: Run Behavior\BuildLiteBehavior [ RunTime:0.000015s ]
INFO: [ app_init ] --END-- [ RunTime:0.000851s ]
INFO: [ app_begin ] --START--
INFO: Run Behavior\ReadHtmlCacheBehavior [ RunTime:0.001059s ]
INFO: [ app_begin ] --END-- [ RunTime:0.001103s ]
SQL: SELECT * FROM `wj_category`  [ RunTime:0.0005s ]
SQL: SELECT * FROM `wj_goods` WHERE ( is_sale=1 AND is_hot=1 )  [ RunTime:0.0007s ]
SQL: SELECT * FROM `wj_goods` WHERE ( is_sale=1 AND is_rec=1 )  [ RunTime:0.0005s ]
SQL: SELECT * FROM `wj_goods` WHERE ( is_sale=1 AND is_new=1 )  [ RunTime:0.0004s ]
INFO: [ view_parse ] --START--
INFO: [ template_filter ] --START--
INFO: Run Behavior\ContentReplaceBehavior [ RunTime:0.000294s ]
INFO: [ template_filter ] --END-- [ RunTime:0.000361s ]
INFO: Run Behavior\ParseTemplateBehavior [ RunTime:0.018921s ]
INFO: [ view_parse ] --END-- [ RunTime:0.018972s ]
INFO: [ view_filter ] --START--
INFO: Run Behavior\WriteHtmlCacheBehavior [ RunTime:0.001814s ]
INFO: [ view_filter ] --END-- [ RunTime:0.001852s ]
INFO: [ app_end ] --START--
INFO: Run Behavior\ShowPageTraceBehavior [ RunTime:0.003694s ]
INFO: [ app_end ] --END-- [ RunTime:0.003748s ]

[ 2019-11-04T22:11:34+08:00 ] 127.0.0.1 /home/index/index
INFO: [ app_init ] --START--
INFO: Run Behavior\BuildLiteBehavior [ RunTime:0.000011s ]
INFO: [ app_init ] --END-- [ RunTime:0.000650s ]
INFO: [ app_begin ] --START--
INFO: Run Behavior\ReadHtmlCacheBehavior [ RunTime:0.000693s ]
INFO: [ app_begin ] --END-- [ RunTime:0.000719s ]
SQL: SELECT * FROM `wj_category`  [ RunTime:0.0004s ]
SQL: SELECT * FROM `wj_goods` WHERE ( is_sale=1 AND is_hot=1 )  [ RunTime:0.0005s ]
SQL: SELECT * FROM `wj_goods` WHERE ( is_sale=1 AND is_rec=1 )  [ RunTime:0.0004s ]
SQL: SELECT * FROM `wj_goods` WHERE ( is_sale=1 AND is_new=1 )  [ RunTime:0.0003s ]
INFO: [ view_parse ] --START--
INFO: [ template_filter ] --START--
INFO: Run Behavior\ContentReplaceBehavior [ RunTime:0.000328s ]
INFO: [ template_filter ] --END-- [ RunTime:0.000378s ]
INFO: Run Behavior\ParseTemplateBehavior [ RunTime:0.023115s ]
INFO: [ view_parse ] --END-- [ RunTime:0.023153s ]
INFO: [ view_filter ] --START--
INFO: Run Behavior\WriteHtmlCacheBehavior [ RunTime:0.000879s ]
INFO: [ view_filter ] --END-- [ RunTime:0.000908s ]
INFO: [ app_end ] --START--
INFO: Run Behavior\ShowPageTraceBehavior [ RunTime:0.001219s ]
INFO: [ app_end ] --END-- [ RunTime:0.001267s ]

[ 2019-11-04T22:13:20+08:00 ] 127.0.0.1 /home/index/index
INFO: [ app_init ] --START--
INFO: Run Behavior\BuildLiteBehavior [ RunTime:0.000014s ]
INFO: [ app_init ] --END-- [ RunTime:0.001538s ]
INFO: [ app_begin ] --START--
INFO: Run Behavior\ReadHtmlCacheBehavior [ RunTime:0.001180s ]
INFO: [ app_begin ] --END-- [ RunTime:0.001230s ]
SQL: SELECT * FROM `wj_category`  [ RunTime:0.0007s ]
SQL: SELECT * FROM `wj_goods` WHERE ( is_sale=1 AND is_hot=1 )  [ RunTime:0.0006s ]
SQL: SELECT * FROM `wj_goods` WHERE ( is_sale=1 AND is_rec=1 )  [ RunTime:0.0003s ]
SQL: SELECT * FROM `wj_goods` WHERE ( is_sale=1 AND is_new=1 )  [ RunTime:0.0004s ]
SQL: SELECT * FROM `wj_goods` WHERE ( is_sale=1 AND cx_price>0 AND start<1572876800 AND end>1572876800 )  [ RunTime:0.0012s ]

[ 2019-11-04T22:15:21+08:00 ] 127.0.0.1 /home/index/index
INFO: [ app_init ] --START--
INFO: Run Behavior\BuildLiteBehavior [ RunTime:0.000010s ]
INFO: [ app_init ] --END-- [ RunTime:0.001034s ]
INFO: [ app_begin ] --START--
INFO: Run Behavior\ReadHtmlCacheBehavior [ RunTime:0.000957s ]
INFO: [ app_begin ] --END-- [ RunTime:0.000996s ]
SQL: SELECT * FROM `wj_category`  [ RunTime:0.0005s ]
SQL: SELECT * FROM `wj_goods` WHERE ( is_sale=1 AND is_hot=1 )  [ RunTime:0.0006s ]
SQL: SELECT * FROM `wj_goods` WHERE ( is_sale=1 AND is_rec=1 )  [ RunTime:0.0004s ]
SQL: SELECT * FROM `wj_goods` WHERE ( is_sale=1 AND is_new=1 )  [ RunTime:0.0004s ]
SQL: SELECT * FROM `wj_goods` WHERE ( is_sale=1 AND cx_price>0 AND start<1572876921 AND end>1572876921 )  [ RunTime:0.0005s ]
INFO: [ view_parse ] --START--
INFO: [ template_filter ] --START--
INFO: Run Behavior\ContentReplaceBehavior [ RunTime:0.000301s ]
INFO: [ template_filter ] --END-- [ RunTime:0.000345s ]
INFO: Run Behavior\ParseTemplateBehavior [ RunTime:0.023513s ]
INFO: [ view_parse ] --END-- [ RunTime:0.023546s ]
INFO: [ view_filter ] --START--
INFO: Run Behavior\WriteHtmlCacheBehavior [ RunTime:0.000886s ]
INFO: [ view_filter ] --END-- [ RunTime:0.000911s ]
INFO: [ app_end ] --START--
INFO: Run Behavior\ShowPageTraceBehavior [ RunTime:0.001293s ]
INFO: [ app_end ] --END-- [ RunTime:0.001330s ]

[ 2019-11-04T22:17:45+08:00 ] 127.0.0.1 /home/index/index
INFO: [ app_init ] --START--
INFO: Run Behavior\BuildLiteBehavior [ RunTime:0.000010s ]
INFO: [ app_init ] --END-- [ RunTime:0.000863s ]
INFO: [ app_begin ] --START--
INFO: Run Behavior\ReadHtmlCacheBehavior [ RunTime:0.000881s ]
INFO: [ app_begin ] --END-- [ RunTime:0.000910s ]
SQL: SELECT * FROM `wj_category`  [ RunTime:0.0006s ]
SQL: SELECT * FROM `wj_goods` WHERE ( is_sale=1 AND is_hot=1 ) LIMIT 5   [ RunTime:0.0007s ]
SQL: SELECT * FROM `wj_goods` WHERE ( is_sale=1 AND is_rec=1 ) LIMIT 5   [ RunTime:0.0005s ]
SQL: SELECT * FROM `wj_goods` WHERE ( is_sale=1 AND is_new=1 ) LIMIT 5   [ RunTime:0.0003s ]
SQL: SELECT * FROM `wj_goods` WHERE ( is_sale=1 AND cx_price>0 AND start<1572877065 AND end>1572877065 ) LIMIT 5   [ RunTime:0.0003s ]
INFO: [ view_parse ] --START--
INFO: [ template_filter ] --START--
INFO: Run Behavior\ContentReplaceBehavior [ RunTime:0.000300s ]
INFO: [ template_filter ] --END-- [ RunTime:0.000335s ]
INFO: Run Behavior\ParseTemplateBehavior [ RunTime:0.021196s ]
INFO: [ view_parse ] --END-- [ RunTime:0.021229s ]
INFO: [ view_filter ] --START--
INFO: Run Behavior\WriteHtmlCacheBehavior [ RunTime:0.000711s ]
INFO: [ view_filter ] --END-- [ RunTime:0.000733s ]
INFO: [ app_end ] --START--
INFO: Run Behavior\ShowPageTraceBehavior [ RunTime:0.001004s ]
INFO: [ app_end ] --END-- [ RunTime:0.001037s ]

[ 2019-11-04T22:20:20+08:00 ] 127.0.0.1 /Home/Goods/index/id/7.html
INFO: [ app_init ] --START--
INFO: Run Behavior\BuildLiteBehavior [ RunTime:0.000010s ]
INFO: [ app_init ] --END-- [ RunTime:0.000819s ]
INFO: [ app_begin ] --START--
INFO: Run Behavior\ReadHtmlCacheBehavior [ RunTime:0.001055s ]
INFO: [ app_begin ] --END-- [ RunTime:0.001097s ]
SQL: SELECT * FROM `wj_category`  [ RunTime:0.0010s ]
SQL: SHOW COLUMNS FROM `wj_goods` [ RunTime:0.0141s ]
SQL: SELECT * FROM `wj_goods` WHERE ( is_sale=1 AND id=7 ) LIMIT 1   [ RunTime:0.0006s ]
SQL: SHOW COLUMNS FROM `wj_goods_img` [ RunTime:0.0122s ]
SQL: SELECT * FROM `wj_goods_img` WHERE ( goods_id=7 )  [ RunTime:0.0008s ]
SQL: SHOW COLUMNS FROM `wj_goods_attr` [ RunTime:0.0221s ]
SQL: SELECT a.*,b.attr_name,b.attr_type FROM wj_goods_attr a left join wj_attribute b on a.attr_id=b.id  WHERE ( a.goods_id=7 )  [ RunTime:0.0013s ]
INFO: [ view_parse ] --START--
INFO: [ template_filter ] --START--
INFO: Run Behavior\ContentReplaceBehavior [ RunTime:0.000134s ]
INFO: [ template_filter ] --END-- [ RunTime:0.000170s ]
INFO: Run Behavior\ParseTemplateBehavior [ RunTime:0.013956s ]
INFO: [ view_parse ] --END-- [ RunTime:0.014008s ]
INFO: [ view_filter ] --START--
INFO: Run Behavior\WriteHtmlCacheBehavior [ RunTime:0.001074s ]
INFO: [ view_filter ] --END-- [ RunTime:0.001117s ]
INFO: [ app_end ] --START--
INFO: Run Behavior\ShowPageTraceBehavior [ RunTime:0.001542s ]
INFO: [ app_end ] --END-- [ RunTime:0.001594s ]

[ 2019-11-04T22:23:02+08:00 ] 127.0.0.1 /Home/Goods/index/id/7.html
INFO: [ app_init ] --START--
INFO: Run Behavior\BuildLiteBehavior [ RunTime:0.000009s ]
INFO: [ app_init ] --END-- [ RunTime:0.000755s ]
INFO: [ app_begin ] --START--
INFO: Run Behavior\ReadHtmlCacheBehavior [ RunTime:0.000912s ]
INFO: [ app_begin ] --END-- [ RunTime:0.000938s ]
SQL: SELECT * FROM `wj_category`  [ RunTime:0.0006s ]
SQL: SHOW COLUMNS FROM `wj_goods` [ RunTime:0.0141s ]
SQL: SELECT * FROM `wj_goods` WHERE ( is_sale=1 AND id=7 ) LIMIT 1   [ RunTime:0.0005s ]
SQL: SHOW COLUMNS FROM `wj_goods_img` [ RunTime:0.0110s ]
SQL: SELECT * FROM `wj_goods_img` WHERE ( goods_id=7 )  [ RunTime:0.0004s ]
SQL: SHOW COLUMNS FROM `wj_goods_attr` [ RunTime:0.0151s ]
SQL: SELECT a.*,b.attr_name,b.attr_type FROM wj_goods_attr a left join wj_attribute b on a.attr_id=b.id  WHERE ( a.goods_id=7 )  [ RunTime:0.0004s ]
INFO: [ view_parse ] --START--
INFO: [ template_filter ] --START--
INFO: Run Behavior\ContentReplaceBehavior [ RunTime:0.000151s ]
INFO: [ template_filter ] --END-- [ RunTime:0.000193s ]
INFO: Run Behavior\ParseTemplateBehavior [ RunTime:0.013122s ]
INFO: [ view_parse ] --END-- [ RunTime:0.013165s ]
INFO: [ view_filter ] --START--
INFO: Run Behavior\WriteHtmlCacheBehavior [ RunTime:0.001076s ]
INFO: [ view_filter ] --END-- [ RunTime:0.001117s ]
INFO: [ app_end ] --START--
INFO: Run Behavior\ShowPageTraceBehavior [ RunTime:0.001186s ]
INFO: [ app_end ] --END-- [ RunTime:0.001222s ]

[ 2019-11-04T22:35:12+08:00 ] 127.0.0.1 /home/index/index
INFO: [ app_init ] --START--
INFO: Run Behavior\BuildLiteBehavior [ RunTime:0.000008s ]
INFO: [ app_init ] --END-- [ RunTime:0.000724s ]
INFO: [ app_begin ] --START--
INFO: Run Behavior\ReadHtmlCacheBehavior [ RunTime:0.000974s ]
INFO: [ app_begin ] --END-- [ RunTime:0.001011s ]
SQL: SELECT * FROM `wj_category`  [ RunTime:0.0007s ]
SQL: SELECT * FROM `wj_goods` WHERE ( is_sale=1 AND is_hot=1 ) LIMIT 5   [ RunTime:0.0008s ]
SQL: SELECT * FROM `wj_goods` WHERE ( is_sale=1 AND is_rec=1 ) LIMIT 5   [ RunTime:0.0004s ]
SQL: SELECT * FROM `wj_goods` WHERE ( is_sale=1 AND is_new=1 ) LIMIT 5   [ RunTime:0.0004s ]
SQL: SELECT * FROM `wj_goods` WHERE ( is_sale=1 AND cx_price>0 AND start<1572878112 AND end>1572878112 ) LIMIT 5   [ RunTime:0.0004s ]
INFO: [ view_parse ] --START--
INFO: [ template_filter ] --START--
INFO: Run Behavior\ContentReplaceBehavior [ RunTime:0.000306s ]
INFO: [ template_filter ] --END-- [ RunTime:0.000347s ]
INFO: Run Behavior\ParseTemplateBehavior [ RunTime:0.023301s ]
INFO: [ view_parse ] --END-- [ RunTime:0.023337s ]
INFO: [ view_filter ] --START--
INFO: Run Behavior\WriteHtmlCacheBehavior [ RunTime:0.000783s ]
INFO: [ view_filter ] --END-- [ RunTime:0.000808s ]
INFO: [ app_end ] --START--
INFO: Run Behavior\ShowPageTraceBehavior [ RunTime:0.000922s ]
INFO: [ app_end ] --END-- [ RunTime:0.000951s ]

[ 2019-11-04T22:35:48+08:00 ] 127.0.0.1 /home/index/index
INFO: [ app_init ] --START--
INFO: Run Behavior\BuildLiteBehavior [ RunTime:0.000010s ]
INFO: [ app_init ] --END-- [ RunTime:0.000693s ]
INFO: [ app_begin ] --START--
INFO: Run Behavior\ReadHtmlCacheBehavior [ RunTime:0.001058s ]
INFO: [ app_begin ] --END-- [ RunTime:0.001112s ]
SQL: SELECT * FROM `wj_category`  [ RunTime:0.0004s ]
SQL: SELECT * FROM `wj_goods` WHERE ( is_sale=1 AND is_hot=1 ) LIMIT 5   [ RunTime:0.0006s ]
SQL: SELECT * FROM `wj_goods` WHERE ( is_sale=1 AND is_rec=1 ) LIMIT 5   [ RunTime:0.0005s ]
SQL: SELECT * FROM `wj_goods` WHERE ( is_sale=1 AND is_new=1 ) LIMIT 5   [ RunTime:0.0003s ]
SQL: SELECT * FROM `wj_goods` WHERE ( is_sale=1 AND cx_price>0 AND start<1572878148 AND end>1572878148 ) LIMIT 5   [ RunTime:0.0003s ]
INFO: [ view_parse ] --START--
INFO: [ template_filter ] --START--
INFO: Run Behavior\ContentReplaceBehavior [ RunTime:0.000280s ]
INFO: [ template_filter ] --END-- [ RunTime:0.000324s ]
INFO: Run Behavior\ParseTemplateBehavior [ RunTime:0.021319s ]
INFO: [ view_parse ] --END-- [ RunTime:0.021366s ]
INFO: [ view_filter ] --START--
INFO: Run Behavior\WriteHtmlCacheBehavior [ RunTime:0.001016s ]
INFO: [ view_filter ] --END-- [ RunTime:0.001047s ]
INFO: [ app_end ] --START--
INFO: Run Behavior\ShowPageTraceBehavior [ RunTime:0.001518s ]
INFO: [ app_end ] --END-- [ RunTime:0.001562s ]

[ 2019-11-04T22:35:55+08:00 ] 127.0.0.1 /home/index/index
INFO: [ app_init ] --START--
INFO: Run Behavior\BuildLiteBehavior [ RunTime:0.000009s ]
INFO: [ app_init ] --END-- [ RunTime:0.000569s ]
INFO: [ app_begin ] --START--
INFO: Run Behavior\ReadHtmlCacheBehavior [ RunTime:0.000891s ]
INFO: [ app_begin ] --END-- [ RunTime:0.000924s ]
SQL: SELECT * FROM `wj_category`  [ RunTime:0.0007s ]
SQL: SELECT * FROM `wj_goods` WHERE ( is_sale=1 AND is_hot=1 ) LIMIT 5   [ RunTime:0.0007s ]
SQL: SELECT * FROM `wj_goods` WHERE ( is_sale=1 AND is_rec=1 ) LIMIT 5   [ RunTime:0.0005s ]
SQL: SELECT * FROM `wj_goods` WHERE ( is_sale=1 AND is_new=1 ) LIMIT 5   [ RunTime:0.0004s ]
SQL: SELECT * FROM `wj_goods` WHERE ( is_sale=1 AND cx_price>0 AND start<1572878155 AND end>1572878155 ) LIMIT 5   [ RunTime:0.0003s ]
INFO: [ view_parse ] --START--
INFO: [ template_filter ] --START--
INFO: Run Behavior\ContentReplaceBehavior [ RunTime:0.000423s ]
INFO: [ template_filter ] --END-- [ RunTime:0.000469s ]
INFO: Run Behavior\ParseTemplateBehavior [ RunTime:0.021322s ]
INFO: [ view_parse ] --END-- [ RunTime:0.021358s ]
INFO: [ view_filter ] --START--
INFO: Run Behavior\WriteHtmlCacheBehavior [ RunTime:0.001581s ]
INFO: [ view_filter ] --END-- [ RunTime:0.001616s ]
INFO: [ app_end ] --START--
INFO: Run Behavior\ShowPageTraceBehavior [ RunTime:0.000926s ]
INFO: [ app_end ] --END-- [ RunTime:0.000966s ]

[ 2019-11-04T22:38:04+08:00 ] 127.0.0.1 /home/index/index
INFO: [ app_init ] --START--
INFO: Run Behavior\BuildLiteBehavior [ RunTime:0.000009s ]
INFO: [ app_init ] --END-- [ RunTime:0.000676s ]
INFO: [ app_begin ] --START--
INFO: Run Behavior\ReadHtmlCacheBehavior [ RunTime:0.001035s ]
INFO: [ app_begin ] --END-- [ RunTime:0.001067s ]
SQL: SELECT * FROM `wj_category`  [ RunTime:0.0004s ]
SQL: SELECT * FROM `wj_goods` WHERE ( is_sale=1 AND is_hot=1 ) LIMIT 5   [ RunTime:0.0008s ]
SQL: SELECT * FROM `wj_goods` WHERE ( is_sale=1 AND is_rec=1 ) LIMIT 5   [ RunTime:0.0005s ]
SQL: SELECT * FROM `wj_goods` WHERE ( is_sale=1 AND is_new=1 ) LIMIT 5   [ RunTime:0.0004s ]
SQL: SELECT * FROM `wj_goods` WHERE ( is_sale=1 AND cx_price>0 AND start<1572878284 AND end>1572878284 ) LIMIT 5   [ RunTime:0.0004s ]
INFO: [ view_parse ] --START--
INFO: [ template_filter ] --START--
INFO: Run Behavior\ContentReplaceBehavior [ RunTime:0.000448s ]
INFO: [ template_filter ] --END-- [ RunTime:0.000488s ]
INFO: Run Behavior\ParseTemplateBehavior [ RunTime:0.022840s ]
INFO: [ view_parse ] --END-- [ RunTime:0.022876s ]
INFO: [ view_filter ] --START--
INFO: Run Behavior\WriteHtmlCacheBehavior [ RunTime:0.000757s ]
INFO: [ view_filter ] --END-- [ RunTime:0.000777s ]
INFO: [ app_end ] --START--
INFO: Run Behavior\ShowPageTraceBehavior [ RunTime:0.001105s ]
INFO: [ app_end ] --END-- [ RunTime:0.001140s ]

[ 2019-11-04T22:38:31+08:00 ] 127.0.0.1 /home/index/index
INFO: [ app_init ] --START--
INFO: Run Behavior\BuildLiteBehavior [ RunTime:0.000010s ]
INFO: [ app_init ] --END-- [ RunTime:0.000718s ]
INFO: [ app_begin ] --START--
INFO: Run Behavior\ReadHtmlCacheBehavior [ RunTime:0.000862s ]
INFO: [ app_begin ] --END-- [ RunTime:0.000900s ]
SQL: SELECT * FROM `wj_category`  [ RunTime:0.0004s ]
SQL: SELECT * FROM `wj_goods` WHERE ( is_sale=1 AND is_hot=1 ) LIMIT 5   [ RunTime:0.0005s ]
SQL: SELECT * FROM `wj_goods` WHERE ( is_sale=1 AND is_rec=1 ) LIMIT 5   [ RunTime:0.0003s ]
SQL: SELECT * FROM `wj_goods` WHERE ( is_sale=1 AND is_new=1 ) LIMIT 5   [ RunTime:0.0003s ]
SQL: SELECT * FROM `wj_goods` WHERE ( is_sale=1 AND cx_price>0 AND start<1572878311 AND end>1572878311 ) LIMIT 5   [ RunTime:0.0003s ]
INFO: [ view_parse ] --START--
INFO: [ template_filter ] --START--
INFO: Run Behavior\ContentReplaceBehavior [ RunTime:0.000286s ]
INFO: [ template_filter ] --END-- [ RunTime:0.000359s ]
INFO: Run Behavior\ParseTemplateBehavior [ RunTime:0.016824s ]
INFO: [ view_parse ] --END-- [ RunTime:0.016918s ]
INFO: [ view_filter ] --START--
INFO: Run Behavior\WriteHtmlCacheBehavior [ RunTime:0.001114s ]
INFO: [ view_filter ] --END-- [ RunTime:0.001423s ]
INFO: [ app_end ] --START--
INFO: Run Behavior\ShowPageTraceBehavior [ RunTime:0.001790s ]
INFO: [ app_end ] --END-- [ RunTime:0.001859s ]

