[ 2019-10-23T08:45:45+08:00 ] 127.0.0.1 /Goods/add
INFO: [ app_init ] --START--
INFO: Run Behavior\BuildLiteBehavior [ RunTime:0.000010s ]
INFO: [ app_init ] --END-- [ RunTime:0.000743s ]
INFO: [ app_begin ] --START--
INFO: Run Behavior\ReadHtmlCacheBehavior [ RunTime:0.000907s ]
INFO: [ app_begin ] --END-- [ RunTime:0.000944s ]
SQL: SELECT * FROM `wj_category`  [ RunTime:0.0005s ]
INFO: [ view_parse ] --START--
INFO: [ template_filter ] --START--
INFO: Run Behavior\ContentReplaceBehavior [ RunTime:0.000098s ]
INFO: [ template_filter ] --END-- [ RunTime:0.000128s ]
INFO: Run Behavior\ParseTemplateBehavior [ RunTime:0.013230s ]
INFO: [ view_parse ] --END-- [ RunTime:0.013261s ]
INFO: [ view_filter ] --START--
INFO: Run Behavior\WriteHtmlCacheBehavior [ RunTime:0.000726s ]
INFO: [ view_filter ] --END-- [ RunTime:0.000750s ]

[ 2019-10-23T09:06:13+08:00 ] 127.0.0.1 /Goods/add
INFO: [ app_init ] --START--
INFO: Run Behavior\BuildLiteBehavior [ RunTime:0.000009s ]
INFO: [ app_init ] --END-- [ RunTime:0.000850s ]
INFO: [ app_begin ] --START--
INFO: Run Behavior\ReadHtmlCacheBehavior [ RunTime:0.000906s ]
INFO: [ app_begin ] --END-- [ RunTime:0.000935s ]
SQL: SELECT * FROM `wj_category`  [ RunTime:0.0005s ]
INFO: [ view_parse ] --START--
INFO: [ template_filter ] --START--
INFO: Run Behavior\ContentReplaceBehavior [ RunTime:0.000099s ]
INFO: [ template_filter ] --END-- [ RunTime:0.000131s ]
INFO: Run Behavior\ParseTemplateBehavior [ RunTime:0.015615s ]
INFO: [ view_parse ] --END-- [ RunTime:0.015654s ]
INFO: [ view_filter ] --START--
INFO: Run Behavior\WriteHtmlCacheBehavior [ RunTime:0.000734s ]
INFO: [ view_filter ] --END-- [ RunTime:0.000755s ]

[ 2019-10-23T09:06:20+08:00 ] 127.0.0.1 /Public/Admin/Js/jquery.min.map
INFO: [ app_init ] --START--
INFO: Run Behavior\BuildLiteBehavior [ RunTime:0.000009s ]
INFO: [ app_init ] --END-- [ RunTime:0.000548s ]
INFO: [ app_begin ] --START--
INFO: Run Behavior\ReadHtmlCacheBehavior [ RunTime:0.000696s ]
INFO: [ app_begin ] --END-- [ RunTime:0.000722s ]
ERR: 无法加载控制器:Public

[ 2019-10-23T09:11:34+08:00 ] 127.0.0.1 /Goods/add
INFO: [ app_init ] --START--
INFO: Run Behavior\BuildLiteBehavior [ RunTime:0.000010s ]
INFO: [ app_init ] --END-- [ RunTime:0.000745s ]
INFO: [ app_begin ] --START--
INFO: Run Behavior\ReadHtmlCacheBehavior [ RunTime:0.000907s ]
INFO: [ app_begin ] --END-- [ RunTime:0.000934s ]
SQL: SELECT * FROM `wj_category`  [ RunTime:0.0016s ]
INFO: [ view_parse ] --START--
INFO: [ template_filter ] --START--
INFO: Run Behavior\ContentReplaceBehavior [ RunTime:0.000083s ]
INFO: [ template_filter ] --END-- [ RunTime:0.000113s ]
INFO: Run Behavior\ParseTemplateBehavior [ RunTime:0.010066s ]
INFO: [ view_parse ] --END-- [ RunTime:0.010100s ]
INFO: [ view_filter ] --START--
INFO: Run Behavior\WriteHtmlCacheBehavior [ RunTime:0.001031s ]
INFO: [ view_filter ] --END-- [ RunTime:0.001064s ]

[ 2019-10-23T09:11:34+08:00 ] 127.0.0.1 /Public/Admin/Js/jquery.min.map
INFO: [ app_init ] --START--
INFO: Run Behavior\BuildLiteBehavior [ RunTime:0.000010s ]
INFO: [ app_init ] --END-- [ RunTime:0.000550s ]
INFO: [ app_begin ] --START--
INFO: Run Behavior\ReadHtmlCacheBehavior [ RunTime:0.000686s ]
INFO: [ app_begin ] --END-- [ RunTime:0.000709s ]
ERR: 无法加载控制器:Public

[ 2019-10-23T09:11:37+08:00 ] 127.0.0.1 /Goods/add
INFO: [ app_init ] --START--
INFO: Run Behavior\BuildLiteBehavior [ RunTime:0.000010s ]
INFO: [ app_init ] --END-- [ RunTime:0.000702s ]
INFO: [ app_begin ] --START--
INFO: Run Behavior\ReadHtmlCacheBehavior [ RunTime:0.000751s ]
INFO: [ app_begin ] --END-- [ RunTime:0.000782s ]
SQL: SELECT * FROM `wj_category`  [ RunTime:0.0004s ]
INFO: [ view_parse ] --START--
INFO: [ template_filter ] --START--
INFO: Run Behavior\ContentReplaceBehavior [ RunTime:0.000076s ]
INFO: [ template_filter ] --END-- [ RunTime:0.000105s ]
INFO: Run Behavior\ParseTemplateBehavior [ RunTime:0.008844s ]
INFO: [ view_parse ] --END-- [ RunTime:0.008879s ]
INFO: [ view_filter ] --START--
INFO: Run Behavior\WriteHtmlCacheBehavior [ RunTime:0.000546s ]
INFO: [ view_filter ] --END-- [ RunTime:0.000566s ]

[ 2019-10-23T09:11:37+08:00 ] 127.0.0.1 /Public/Admin/Js/jquery.min.map
INFO: [ app_init ] --START--
INFO: Run Behavior\BuildLiteBehavior [ RunTime:0.000009s ]
INFO: [ app_init ] --END-- [ RunTime:0.000621s ]
INFO: [ app_begin ] --START--
INFO: Run Behavior\ReadHtmlCacheBehavior [ RunTime:0.000688s ]
INFO: [ app_begin ] --END-- [ RunTime:0.000710s ]
ERR: 无法加载控制器:Public

[ 2019-10-23T09:11:54+08:00 ] 127.0.0.1 /Goods/add
INFO: [ app_init ] --START--
INFO: Run Behavior\BuildLiteBehavior [ RunTime:0.000009s ]
INFO: [ app_init ] --END-- [ RunTime:0.000740s ]
INFO: [ app_begin ] --START--
INFO: Run Behavior\ReadHtmlCacheBehavior [ RunTime:0.000754s ]
INFO: [ app_begin ] --END-- [ RunTime:0.000784s ]
SQL: SELECT * FROM `wj_category`  [ RunTime:0.0005s ]
INFO: [ view_parse ] --START--
INFO: [ template_filter ] --START--
INFO: Run Behavior\ContentReplaceBehavior [ RunTime:0.000082s ]
INFO: [ template_filter ] --END-- [ RunTime:0.000113s ]
INFO: Run Behavior\ParseTemplateBehavior [ RunTime:0.008913s ]
INFO: [ view_parse ] --END-- [ RunTime:0.008939s ]
INFO: [ view_filter ] --START--
INFO: Run Behavior\WriteHtmlCacheBehavior [ RunTime:0.000533s ]
INFO: [ view_filter ] --END-- [ RunTime:0.000553s ]

[ 2019-10-23T09:11:54+08:00 ] 127.0.0.1 /Public/Admin/Js/jquery.min.map
INFO: [ app_init ] --START--
INFO: Run Behavior\BuildLiteBehavior [ RunTime:0.000009s ]
INFO: [ app_init ] --END-- [ RunTime:0.000583s ]
INFO: [ app_begin ] --START--
INFO: Run Behavior\ReadHtmlCacheBehavior [ RunTime:0.000712s ]
INFO: [ app_begin ] --END-- [ RunTime:0.000739s ]
ERR: 无法加载控制器:Public

[ 2019-10-23T09:44:39+08:00 ] 127.0.0.1 /Goods/add
INFO: [ app_init ] --START--
INFO: Run Behavior\BuildLiteBehavior [ RunTime:0.000124s ]
INFO: [ app_init ] --END-- [ RunTime:0.001502s ]
INFO: [ app_begin ] --START--
INFO: Run Behavior\ReadHtmlCacheBehavior [ RunTime:0.002084s ]
INFO: [ app_begin ] --END-- [ RunTime:0.002198s ]
SQL: SELECT * FROM `wj_category`  [ RunTime:0.0089s ]
INFO: [ view_parse ] --START--
INFO: [ template_filter ] --START--
INFO: Run Behavior\ContentReplaceBehavior [ RunTime:0.000109s ]
INFO: [ template_filter ] --END-- [ RunTime:0.000154s ]
INFO: Run Behavior\ParseTemplateBehavior [ RunTime:0.191138s ]
INFO: [ view_parse ] --END-- [ RunTime:0.191173s ]
INFO: [ view_filter ] --START--
INFO: Run Behavior\WriteHtmlCacheBehavior [ RunTime:0.003056s ]
INFO: [ view_filter ] --END-- [ RunTime:0.003099s ]

[ 2019-10-23T10:54:18+08:00 ] 127.0.0.1 /Public/Admin/Js/jquery.min.map
INFO: [ app_init ] --START--
INFO: Run Behavior\BuildLiteBehavior [ RunTime:0.000012s ]
INFO: [ app_init ] --END-- [ RunTime:0.001437s ]
INFO: [ app_begin ] --START--
INFO: Run Behavior\ReadHtmlCacheBehavior [ RunTime:0.001832s ]
INFO: [ app_begin ] --END-- [ RunTime:0.001871s ]
ERR: 无法加载控制器:Public

[ 2019-10-23T10:56:36+08:00 ] 127.0.0.1 /Goods/add
INFO: [ app_init ] --START--
INFO: Run Behavior\BuildLiteBehavior [ RunTime:0.000010s ]
INFO: [ app_init ] --END-- [ RunTime:0.000911s ]
INFO: [ app_begin ] --START--
INFO: Run Behavior\ReadHtmlCacheBehavior [ RunTime:0.000912s ]
INFO: [ app_begin ] --END-- [ RunTime:0.000940s ]
SQL: SELECT * FROM `wj_category`  [ RunTime:0.0027s ]
INFO: [ view_parse ] --START--
INFO: [ template_filter ] --START--
INFO: Run Behavior\ContentReplaceBehavior [ RunTime:0.000095s ]
INFO: [ template_filter ] --END-- [ RunTime:0.000127s ]
INFO: Run Behavior\ParseTemplateBehavior [ RunTime:0.013766s ]
INFO: [ view_parse ] --END-- [ RunTime:0.013800s ]
INFO: [ view_filter ] --START--
INFO: Run Behavior\WriteHtmlCacheBehavior [ RunTime:0.000719s ]
INFO: [ view_filter ] --END-- [ RunTime:0.000739s ]

[ 2019-10-23T10:56:36+08:00 ] 127.0.0.1 /Public/Admin/Js/jquery.min.map
INFO: [ app_init ] --START--
INFO: Run Behavior\BuildLiteBehavior [ RunTime:0.000012s ]
INFO: [ app_init ] --END-- [ RunTime:0.000786s ]
INFO: [ app_begin ] --START--
INFO: Run Behavior\ReadHtmlCacheBehavior [ RunTime:0.000905s ]
INFO: [ app_begin ] --END-- [ RunTime:0.000949s ]
ERR: 无法加载控制器:Public

[ 2019-10-23T11:26:20+08:00 ] 127.0.0.1 /Goods/add
INFO: [ app_init ] --START--
INFO: Run Behavior\BuildLiteBehavior [ RunTime:0.000011s ]
INFO: [ app_init ] --END-- [ RunTime:0.001143s ]
INFO: [ app_begin ] --START--
INFO: Run Behavior\ReadHtmlCacheBehavior [ RunTime:0.000973s ]
INFO: [ app_begin ] --END-- [ RunTime:0.001006s ]
SQL: SELECT * FROM `wj_category`  [ RunTime:0.0021s ]
INFO: [ view_parse ] --START--
INFO: [ template_filter ] --START--
INFO: Run Behavior\ContentReplaceBehavior [ RunTime:0.000101s ]
INFO: [ template_filter ] --END-- [ RunTime:0.000134s ]
INFO: Run Behavior\ParseTemplateBehavior [ RunTime:0.013269s ]
INFO: [ view_parse ] --END-- [ RunTime:0.013309s ]
INFO: [ view_filter ] --START--
INFO: Run Behavior\WriteHtmlCacheBehavior [ RunTime:0.001335s ]
INFO: [ view_filter ] --END-- [ RunTime:0.001368s ]

[ 2019-10-23T11:26:20+08:00 ] 127.0.0.1 /Public/Admin/Js/jquery.min.map
INFO: [ app_init ] --START--
INFO: Run Behavior\BuildLiteBehavior [ RunTime:0.000008s ]
INFO: [ app_init ] --END-- [ RunTime:0.000613s ]
INFO: [ app_begin ] --START--
INFO: Run Behavior\ReadHtmlCacheBehavior [ RunTime:0.000738s ]
INFO: [ app_begin ] --END-- [ RunTime:0.000768s ]
ERR: 无法加载控制器:Public

[ 2019-10-23T11:26:23+08:00 ] 127.0.0.1 /Goods/index
INFO: [ app_init ] --START--
INFO: Run Behavior\BuildLiteBehavior [ RunTime:0.000008s ]
INFO: [ app_init ] --END-- [ RunTime:0.000559s ]
INFO: [ app_begin ] --START--
INFO: Run Behavior\ReadHtmlCacheBehavior [ RunTime:0.000708s ]
INFO: [ app_begin ] --END-- [ RunTime:0.000739s ]
SQL: SELECT * FROM `wj_goods` WHERE ( is_del = 1 )  [ RunTime:0.0064s ]
ERR: 模板不存在:./Application\Admin/View/Goods/data.html

[ 2019-10-23T11:26:44+08:00 ] 127.0.0.1 /Goods/index
INFO: [ app_init ] --START--
INFO: Run Behavior\BuildLiteBehavior [ RunTime:0.000009s ]
INFO: [ app_init ] --END-- [ RunTime:0.000783s ]
INFO: [ app_begin ] --START--
INFO: Run Behavior\ReadHtmlCacheBehavior [ RunTime:0.000786s ]
INFO: [ app_begin ] --END-- [ RunTime:0.000819s ]
SQL: SELECT * FROM `wj_goods` WHERE ( is_del = 1 )  [ RunTime:0.0007s ]
INFO: [ view_parse ] --START--
INFO: [ template_filter ] --START--
INFO: Run Behavior\ContentReplaceBehavior [ RunTime:0.000046s ]
INFO: [ template_filter ] --END-- [ RunTime:0.000080s ]
INFO: Run Behavior\ParseTemplateBehavior [ RunTime:0.009903s ]
INFO: [ view_parse ] --END-- [ RunTime:0.009930s ]
INFO: [ view_filter ] --START--
INFO: Run Behavior\WriteHtmlCacheBehavior [ RunTime:0.000568s ]
INFO: [ view_filter ] --END-- [ RunTime:0.000591s ]
INFO: [ app_end ] --START--
INFO: Run Behavior\ShowPageTraceBehavior [ RunTime:0.090470s ]
INFO: [ app_end ] --END-- [ RunTime:0.090551s ]

[ 2019-10-23T11:26:44+08:00 ] 127.0.0.1 /Public/Admin/Js/jquery.min.map
INFO: [ app_init ] --START--
INFO: Run Behavior\BuildLiteBehavior [ RunTime:0.000009s ]
INFO: [ app_init ] --END-- [ RunTime:0.000635s ]
INFO: [ app_begin ] --START--
INFO: Run Behavior\ReadHtmlCacheBehavior [ RunTime:0.000772s ]
INFO: [ app_begin ] --END-- [ RunTime:0.000805s ]
ERR: 无法加载控制器:Public

[ 2019-10-23T11:27:20+08:00 ] 127.0.0.1 /Goods/index
INFO: [ app_init ] --START--
INFO: Run Behavior\BuildLiteBehavior [ RunTime:0.000009s ]
INFO: [ app_init ] --END-- [ RunTime:0.000587s ]
INFO: [ app_begin ] --START--
INFO: Run Behavior\ReadHtmlCacheBehavior [ RunTime:0.000767s ]
INFO: [ app_begin ] --END-- [ RunTime:0.000792s ]
SQL: SELECT * FROM `wj_goods` WHERE ( is_del = 1 )  [ RunTime:0.0006s ]
INFO: [ view_parse ] --START--
INFO: [ template_filter ] --START--
INFO: Run Behavior\ContentReplaceBehavior [ RunTime:0.000046s ]
INFO: [ template_filter ] --END-- [ RunTime:0.000081s ]
INFO: Run Behavior\ParseTemplateBehavior [ RunTime:0.009513s ]
INFO: [ view_parse ] --END-- [ RunTime:0.009548s ]
INFO: [ view_filter ] --START--
INFO: Run Behavior\WriteHtmlCacheBehavior [ RunTime:0.000616s ]
INFO: [ view_filter ] --END-- [ RunTime:0.000637s ]
INFO: [ app_end ] --START--
INFO: Run Behavior\ShowPageTraceBehavior [ RunTime:0.000903s ]
INFO: [ app_end ] --END-- [ RunTime:0.001269s ]

[ 2019-10-23T11:27:21+08:00 ] 127.0.0.1 /Public/Admin/Js/jquery.min.map
INFO: [ app_init ] --START--
INFO: Run Behavior\BuildLiteBehavior [ RunTime:0.000011s ]
INFO: [ app_init ] --END-- [ RunTime:0.000854s ]
INFO: [ app_begin ] --START--
INFO: Run Behavior\ReadHtmlCacheBehavior [ RunTime:0.000765s ]
INFO: [ app_begin ] --END-- [ RunTime:0.000795s ]
ERR: 无法加载控制器:Public

[ 2019-10-23T11:27:48+08:00 ] 127.0.0.1 /Goods/index
INFO: [ app_init ] --START--
INFO: Run Behavior\BuildLiteBehavior [ RunTime:0.000009s ]
INFO: [ app_init ] --END-- [ RunTime:0.000594s ]
INFO: [ app_begin ] --START--
INFO: Run Behavior\ReadHtmlCacheBehavior [ RunTime:0.000756s ]
INFO: [ app_begin ] --END-- [ RunTime:0.000779s ]
SQL: SELECT * FROM `wj_goods` WHERE ( is_del = 1 )  [ RunTime:0.0005s ]
INFO: [ view_parse ] --START--
INFO: [ template_filter ] --START--
INFO: Run Behavior\ContentReplaceBehavior [ RunTime:0.000047s ]
INFO: [ template_filter ] --END-- [ RunTime:0.000087s ]
INFO: Run Behavior\ParseTemplateBehavior [ RunTime:0.008418s ]
INFO: [ view_parse ] --END-- [ RunTime:0.008485s ]
INFO: [ view_filter ] --START--
INFO: Run Behavior\WriteHtmlCacheBehavior [ RunTime:0.000922s ]
INFO: [ view_filter ] --END-- [ RunTime:0.000974s ]
INFO: [ app_end ] --START--
INFO: Run Behavior\ShowPageTraceBehavior [ RunTime:0.001466s ]
INFO: [ app_end ] --END-- [ RunTime:0.001520s ]

[ 2019-10-23T11:27:48+08:00 ] 127.0.0.1 /Public/Admin/Js/jquery.min.map
INFO: [ app_init ] --START--
INFO: Run Behavior\BuildLiteBehavior [ RunTime:0.000009s ]
INFO: [ app_init ] --END-- [ RunTime:0.000565s ]
INFO: [ app_begin ] --START--
INFO: Run Behavior\ReadHtmlCacheBehavior [ RunTime:0.000733s ]
INFO: [ app_begin ] --END-- [ RunTime:0.000762s ]
ERR: 无法加载控制器:Public

[ 2019-10-23T11:28:09+08:00 ] 127.0.0.1 /Goods/index
INFO: [ app_init ] --START--
INFO: Run Behavior\BuildLiteBehavior [ RunTime:0.000008s ]
INFO: [ app_init ] --END-- [ RunTime:0.000566s ]
INFO: [ app_begin ] --START--
INFO: Run Behavior\ReadHtmlCacheBehavior [ RunTime:0.000844s ]
INFO: [ app_begin ] --END-- [ RunTime:0.000884s ]
SQL: SELECT * FROM `wj_goods` WHERE ( is_del = 1 )  [ RunTime:0.0007s ]
INFO: [ view_parse ] --START--
INFO: [ template_filter ] --START--
INFO: Run Behavior\ContentReplaceBehavior [ RunTime:0.000046s ]
INFO: [ template_filter ] --END-- [ RunTime:0.000146s ]
INFO: Run Behavior\ParseTemplateBehavior [ RunTime:0.008736s ]
INFO: [ view_parse ] --END-- [ RunTime:0.008799s ]
INFO: [ view_filter ] --START--
INFO: Run Behavior\WriteHtmlCacheBehavior [ RunTime:0.000554s ]
INFO: [ view_filter ] --END-- [ RunTime:0.000574s ]
INFO: [ app_end ] --START--
INFO: Run Behavior\ShowPageTraceBehavior [ RunTime:0.001132s ]
INFO: [ app_end ] --END-- [ RunTime:0.001160s ]

[ 2019-10-23T11:28:09+08:00 ] 127.0.0.1 /Public/Admin/Js/jquery.min.map
INFO: [ app_init ] --START--
INFO: Run Behavior\BuildLiteBehavior [ RunTime:0.000009s ]
INFO: [ app_init ] --END-- [ RunTime:0.000606s ]
INFO: [ app_begin ] --START--
INFO: Run Behavior\ReadHtmlCacheBehavior [ RunTime:0.000754s ]
INFO: [ app_begin ] --END-- [ RunTime:0.000782s ]
ERR: 无法加载控制器:Public

[ 2019-10-23T11:28:29+08:00 ] 127.0.0.1 /Goods/add.html
INFO: [ app_init ] --START--
INFO: Run Behavior\BuildLiteBehavior [ RunTime:0.000013s ]
INFO: [ app_init ] --END-- [ RunTime:0.000885s ]
INFO: [ app_begin ] --START--
INFO: Run Behavior\ReadHtmlCacheBehavior [ RunTime:0.001227s ]
INFO: [ app_begin ] --END-- [ RunTime:0.001272s ]
SQL: SELECT * FROM `wj_category`  [ RunTime:0.0004s ]
INFO: [ view_parse ] --START--
INFO: [ template_filter ] --START--
INFO: Run Behavior\ContentReplaceBehavior [ RunTime:0.000142s ]
INFO: [ template_filter ] --END-- [ RunTime:0.000203s ]
INFO: Run Behavior\ParseTemplateBehavior [ RunTime:0.058796s ]
INFO: [ view_parse ] --END-- [ RunTime:0.059395s ]
INFO: [ view_filter ] --START--
INFO: Run Behavior\WriteHtmlCacheBehavior [ RunTime:0.024126s ]
INFO: [ view_filter ] --END-- [ RunTime:0.024268s ]

[ 2019-10-23T11:28:30+08:00 ] 127.0.0.1 /Public/Admin/Js/jquery.min.map
INFO: [ app_init ] --START--
INFO: Run Behavior\BuildLiteBehavior [ RunTime:0.000015s ]
INFO: [ app_init ] --END-- [ RunTime:0.000783s ]
INFO: [ app_begin ] --START--
INFO: Run Behavior\ReadHtmlCacheBehavior [ RunTime:0.000754s ]
INFO: [ app_begin ] --END-- [ RunTime:0.000783s ]
ERR: 无法加载控制器:Public

[ 2019-10-23T11:28:33+08:00 ] 127.0.0.1 /Public/Admin/Js/jquery.min.map
INFO: [ app_init ] --START--
INFO: Run Behavior\BuildLiteBehavior [ RunTime:0.000010s ]
INFO: [ app_init ] --END-- [ RunTime:0.000602s ]
INFO: [ app_begin ] --START--
INFO: Run Behavior\ReadHtmlCacheBehavior [ RunTime:0.002926s ]
INFO: [ app_begin ] --END-- [ RunTime:0.002967s ]
ERR: 无法加载控制器:Public

[ 2019-10-23T11:39:44+08:00 ] 127.0.0.1 /Goods/index
INFO: [ app_init ] --START--
INFO: Run Behavior\BuildLiteBehavior [ RunTime:0.000008s ]
INFO: [ app_init ] --END-- [ RunTime:0.000724s ]
INFO: [ app_begin ] --START--
INFO: Run Behavior\ReadHtmlCacheBehavior [ RunTime:0.001700s ]
INFO: [ app_begin ] --END-- [ RunTime:0.001745s ]
SQL: SELECT COUNT(*) AS tp_count FROM `wj_goods` LIMIT 1   [ RunTime:0.0042s ]
INFO: [ view_parse ] --START--
INFO: [ template_filter ] --START--
INFO: Run Behavior\ContentReplaceBehavior [ RunTime:0.000122s ]
INFO: [ template_filter ] --END-- [ RunTime:0.000172s ]
INFO: Run Behavior\ParseTemplateBehavior [ RunTime:0.014123s ]
INFO: [ view_parse ] --END-- [ RunTime:0.014161s ]
INFO: [ view_filter ] --START--
INFO: Run Behavior\WriteHtmlCacheBehavior [ RunTime:0.000914s ]
INFO: [ view_filter ] --END-- [ RunTime:0.000941s ]
INFO: [ app_end ] --START--
INFO: Run Behavior\ShowPageTraceBehavior [ RunTime:0.001676s ]
INFO: [ app_end ] --END-- [ RunTime:0.001707s ]

[ 2019-10-23T11:39:45+08:00 ] 127.0.0.1 /Public/Admin/Js/jquery.min.map
INFO: [ app_init ] --START--
INFO: Run Behavior\BuildLiteBehavior [ RunTime:0.000008s ]
INFO: [ app_init ] --END-- [ RunTime:0.000653s ]
INFO: [ app_begin ] --START--
INFO: Run Behavior\ReadHtmlCacheBehavior [ RunTime:0.000694s ]
INFO: [ app_begin ] --END-- [ RunTime:0.000720s ]
ERR: 无法加载控制器:Public

[ 2019-10-23T11:41:22+08:00 ] 127.0.0.1 /Goods/index
INFO: [ app_init ] --START--
INFO: Run Behavior\BuildLiteBehavior [ RunTime:0.000009s ]
INFO: [ app_init ] --END-- [ RunTime:0.000605s ]
INFO: [ app_begin ] --START--
INFO: Run Behavior\ReadHtmlCacheBehavior [ RunTime:0.000754s ]
INFO: [ app_begin ] --END-- [ RunTime:0.000778s ]
SQL: SELECT COUNT(*) AS tp_count FROM `wj_goods` LIMIT 1   [ RunTime:0.0003s ]
INFO: [ view_parse ] --START--
INFO: [ template_filter ] --START--
INFO: Run Behavior\ContentReplaceBehavior [ RunTime:0.000048s ]
INFO: [ template_filter ] --END-- [ RunTime:0.000080s ]
INFO: Run Behavior\ParseTemplateBehavior [ RunTime:0.008253s ]
INFO: [ view_parse ] --END-- [ RunTime:0.008291s ]
INFO: [ view_filter ] --START--
INFO: Run Behavior\WriteHtmlCacheBehavior [ RunTime:0.000829s ]
INFO: [ view_filter ] --END-- [ RunTime:0.000865s ]
INFO: [ app_end ] --START--
INFO: Run Behavior\ShowPageTraceBehavior [ RunTime:0.001154s ]
INFO: [ app_end ] --END-- [ RunTime:0.001191s ]

[ 2019-10-23T11:41:22+08:00 ] 127.0.0.1 /Public/Admin/Js/jquery.min.map
INFO: [ app_init ] --START--
INFO: Run Behavior\BuildLiteBehavior [ RunTime:0.000009s ]
INFO: [ app_init ] --END-- [ RunTime:0.000719s ]
INFO: [ app_begin ] --START--
INFO: Run Behavior\ReadHtmlCacheBehavior [ RunTime:0.000731s ]
INFO: [ app_begin ] --END-- [ RunTime:0.000765s ]
ERR: 无法加载控制器:Public

[ 2019-10-23T11:41:49+08:00 ] 127.0.0.1 /Goods/index
INFO: [ app_init ] --START--
INFO: Run Behavior\BuildLiteBehavior [ RunTime:0.000008s ]
INFO: [ app_init ] --END-- [ RunTime:0.000733s ]
INFO: [ app_begin ] --START--
INFO: Run Behavior\ReadHtmlCacheBehavior [ RunTime:0.001030s ]
INFO: [ app_begin ] --END-- [ RunTime:0.001085s ]
SQL: SELECT COUNT(*) AS tp_count FROM `wj_goods` LIMIT 1   [ RunTime:0.0002s ]
INFO: [ view_parse ] --START--
INFO: [ template_filter ] --START--
INFO: Run Behavior\ContentReplaceBehavior [ RunTime:0.000047s ]
INFO: [ template_filter ] --END-- [ RunTime:0.000078s ]
INFO: Run Behavior\ParseTemplateBehavior [ RunTime:0.011086s ]
INFO: [ view_parse ] --END-- [ RunTime:0.011132s ]
INFO: [ view_filter ] --START--
INFO: Run Behavior\WriteHtmlCacheBehavior [ RunTime:0.000981s ]
INFO: [ view_filter ] --END-- [ RunTime:0.001012s ]
INFO: [ app_end ] --START--
INFO: Run Behavior\ShowPageTraceBehavior [ RunTime:0.001117s ]
INFO: [ app_end ] --END-- [ RunTime:0.001154s ]

[ 2019-10-23T11:41:49+08:00 ] 127.0.0.1 /Public/Admin/Js/jquery.min.map
INFO: [ app_init ] --START--
INFO: Run Behavior\BuildLiteBehavior [ RunTime:0.000010s ]
INFO: [ app_init ] --END-- [ RunTime:0.000652s ]
INFO: [ app_begin ] --START--
INFO: Run Behavior\ReadHtmlCacheBehavior [ RunTime:0.000765s ]
INFO: [ app_begin ] --END-- [ RunTime:0.000796s ]
ERR: 无法加载控制器:Public

[ 2019-10-23T11:43:17+08:00 ] 127.0.0.1 /Public/Admin/Js/jquery.min.map
ERR: 无法加载控制器:Public

[ 2019-10-23T11:43:33+08:00 ] 127.0.0.1 /Public/Admin/Js/jquery.min.map
ERR: 无法加载控制器:Public

[ 2019-10-23T11:44:39+08:00 ] 127.0.0.1 /Public/Admin/Js/jquery.min.map
ERR: 无法加载控制器:Public

[ 2019-10-23T11:44:43+08:00 ] 127.0.0.1 /Public/Admin/Js/jquery.min.map
ERR: 无法加载控制器:Public

[ 2019-10-23T11:44:48+08:00 ] 127.0.0.1 /Public/Admin/Js/jquery.min.map
ERR: 无法加载控制器:Public

[ 2019-10-23T11:45:14+08:00 ] 127.0.0.1 /Public/Admin/Js/jquery.min.map
ERR: 无法加载控制器:Public

[ 2019-10-23T11:45:16+08:00 ] 127.0.0.1 /Public/Admin/Js/jquery.min.map
ERR: 无法加载控制器:Public

[ 2019-10-23T11:45:18+08:00 ] 127.0.0.1 /Public/Admin/Js/jquery.min.map
ERR: 无法加载控制器:Public

[ 2019-10-23T11:45:59+08:00 ] 127.0.0.1 /Public/Admin/Js/jquery.min.map
ERR: 无法加载控制器:Public

[ 2019-10-23T11:46:02+08:00 ] 127.0.0.1 /Public/Admin/Js/jquery.min.map
ERR: 无法加载控制器:Public

[ 2019-10-23T11:46:03+08:00 ] 127.0.0.1 /Public/Admin/Js/jquery.min.map
ERR: 无法加载控制器:Public

[ 2019-10-23T11:46:05+08:00 ] 127.0.0.1 /Public/Admin/Js/jquery.min.map
ERR: 无法加载控制器:Public

[ 2019-10-23T12:02:31+08:00 ] 127.0.0.1 /Public/Admin/Js/jquery.min.map
ERR: 无法加载控制器:Public

[ 2019-10-23T12:02:32+08:00 ] 127.0.0.1 /Public/Admin/Js/jquery.min.map
ERR: 无法加载控制器:Public

[ 2019-10-23T12:02:33+08:00 ] 127.0.0.1 /Public/Admin/Js/jquery.min.map
ERR: 无法加载控制器:Public

[ 2019-10-23T12:06:21+08:00 ] 127.0.0.1 /Goods/index/p/1.html
ERR: Class 'Admin\Model\Page' not found

[ 2019-10-23T14:08:01+08:00 ] 127.0.0.1 /Goods/index/p/1.html
ERR: Class 'Admin\Model\Page' not found

[ 2019-10-23T14:08:28+08:00 ] 127.0.0.1 /Public/Admin/Js/jquery.min.map
ERR: 无法加载控制器:Public

[ 2019-10-23T14:08:31+08:00 ] 127.0.0.1 /Public/Admin/Js/jquery.min.map
ERR: 无法加载控制器:Public

[ 2019-10-23T14:08:34+08:00 ] 127.0.0.1 /Public/Admin/Js/jquery.min.map
ERR: 无法加载控制器:Public

[ 2019-10-23T14:08:35+08:00 ] 127.0.0.1 /Public/Admin/Js/jquery.min.map
ERR: 无法加载控制器:Public

[ 2019-10-23T14:27:09+08:00 ] 127.0.0.1 /Public/Admin/Js/jquery.min.map
ERR: 无法加载控制器:Public

[ 2019-10-23T14:29:07+08:00 ] 127.0.0.1 /Public/Admin/Js/jquery.min.map
ERR: 无法加载控制器:Public

[ 2019-10-23T14:31:03+08:00 ] 127.0.0.1 /Public/Admin/Js/jquery.min.map
ERR: 无法加载控制器:Public

[ 2019-10-23T14:31:46+08:00 ] 127.0.0.1 /Public/Admin/Js/jquery.min.map
ERR: 无法加载控制器:Public

[ 2019-10-23T14:32:20+08:00 ] 127.0.0.1 /Public/Admin/Js/jquery.min.map
ERR: 无法加载控制器:Public

[ 2019-10-23T14:32:48+08:00 ] 127.0.0.1 /Public/Admin/Js/jquery.min.map
ERR: 无法加载控制器:Public

[ 2019-10-23T14:35:03+08:00 ] 127.0.0.1 /Public/Admin/Js/jquery.min.map
ERR: 无法加载控制器:Public

[ 2019-10-23T14:35:04+08:00 ] 127.0.0.1 /Public/Admin/Js/jquery.min.map
ERR: 无法加载控制器:Public

[ 2019-10-23T14:35:05+08:00 ] 127.0.0.1 /Public/Admin/Js/jquery.min.map
ERR: 无法加载控制器:Public

[ 2019-10-23T14:35:06+08:00 ] 127.0.0.1 /Public/Admin/Js/jquery.min.map
ERR: 无法加载控制器:Public

[ 2019-10-23T14:35:08+08:00 ] 127.0.0.1 /Public/Admin/Js/jquery.min.map
ERR: 无法加载控制器:Public

[ 2019-10-23T14:35:08+08:00 ] 127.0.0.1 /Public/Admin/Js/jquery.min.map
ERR: 无法加载控制器:Public

[ 2019-10-23T14:35:09+08:00 ] 127.0.0.1 /Public/Admin/Js/jquery.min.map
ERR: 无法加载控制器:Public

[ 2019-10-23T14:40:02+08:00 ] 127.0.0.1 /Public/Admin/Js/jquery.min.map
ERR: 无法加载控制器:Public

[ 2019-10-23T14:40:25+08:00 ] 127.0.0.1 /Public/Admin/Js/jquery.min.map
ERR: 无法加载控制器:Public

[ 2019-10-23T14:40:28+08:00 ] 127.0.0.1 /Public/Admin/Js/jquery.min.map
ERR: 无法加载控制器:Public

[ 2019-10-23T14:41:20+08:00 ] 127.0.0.1 /Public/Admin/Js/jquery.min.map
ERR: 无法加载控制器:Public

[ 2019-10-23T14:42:51+08:00 ] 127.0.0.1 /Public/Admin/Js/jquery.min.map
ERR: 无法加载控制器:Public

[ 2019-10-23T14:42:53+08:00 ] 127.0.0.1 /Public/Admin/Js/jquery.min.map
ERR: 无法加载控制器:Public

[ 2019-10-23T14:42:54+08:00 ] 127.0.0.1 /Public/Admin/Js/jquery.min.map
ERR: 无法加载控制器:Public

[ 2019-10-23T14:42:55+08:00 ] 127.0.0.1 /Public/Admin/Js/jquery.min.map
ERR: 无法加载控制器:Public

[ 2019-10-23T14:43:00+08:00 ] 127.0.0.1 /Public/Admin/Js/jquery.min.map
ERR: 无法加载控制器:Public

[ 2019-10-23T14:43:02+08:00 ] 127.0.0.1 /Public/Admin/Js/jquery.min.map
ERR: 无法加载控制器:Public

[ 2019-10-23T14:43:12+08:00 ] 127.0.0.1 /Public/Admin/Js/jquery.min.map
ERR: 无法加载控制器:Public

[ 2019-10-23T14:43:57+08:00 ] 127.0.0.1 /Public/Admin/Js/jquery.min.map
ERR: 无法加载控制器:Public

[ 2019-10-23T14:49:41+08:00 ] 127.0.0.1 /Public/Admin/Js/jquery.min.map
ERR: 无法加载控制器:Public

[ 2019-10-23T14:49:51+08:00 ] 127.0.0.1 /Public/Admin/Js/jquery.min.map
ERR: 无法加载控制器:Public

[ 2019-10-23T16:23:00+08:00 ] 127.0.0.1 /Public/Admin/Js/jquery.min.map
ERR: 无法加载控制器:Public

[ 2019-10-23T16:23:36+08:00 ] 127.0.0.1 /Public/Admin/Js/jquery.min.map
ERR: 无法加载控制器:Public

[ 2019-10-23T16:24:08+08:00 ] 127.0.0.1 /Public/Admin/Js/jquery.min.map
ERR: 无法加载控制器:Public

[ 2019-10-23T16:24:25+08:00 ] 127.0.0.1 /Public/Admin/Js/jquery.min.map
ERR: 无法加载控制器:Public

[ 2019-10-23T16:24:33+08:00 ] 127.0.0.1 /Public/Admin/Js/jquery.min.map
ERR: 无法加载控制器:Public

[ 2019-10-23T16:24:43+08:00 ] 127.0.0.1 /Public/Admin/Js/jquery.min.map
ERR: 无法加载控制器:Public

[ 2019-10-23T16:24:44+08:00 ] 127.0.0.1 /Public/Admin/Js/jquery.min.map
ERR: 无法加载控制器:Public

[ 2019-10-23T16:25:23+08:00 ] 127.0.0.1 /Public/Admin/Js/jquery.min.map
ERR: 无法加载控制器:Public

[ 2019-10-23T16:25:24+08:00 ] 127.0.0.1 /Public/Admin/Js/jquery.min.map
ERR: 无法加载控制器:Public

[ 2019-10-23T16:25:25+08:00 ] 127.0.0.1 /Public/Admin/Js/jquery.min.map
ERR: 无法加载控制器:Public

[ 2019-10-23T16:25:26+08:00 ] 127.0.0.1 /Public/Admin/Js/jquery.min.map
ERR: 无法加载控制器:Public

[ 2019-10-23T16:26:26+08:00 ] 127.0.0.1 /Public/Admin/Js/jquery.min.map
ERR: 无法加载控制器:Public

[ 2019-10-23T16:26:47+08:00 ] 127.0.0.1 /Public/Admin/Js/jquery.min.map
ERR: 无法加载控制器:Public

[ 2019-10-23T16:26:49+08:00 ] 127.0.0.1 /Public/Admin/Js/jquery.min.map
ERR: 无法加载控制器:Public

[ 2019-10-23T16:26:50+08:00 ] 127.0.0.1 /Public/Admin/Js/jquery.min.map
ERR: 无法加载控制器:Public

[ 2019-10-23T16:27:44+08:00 ] 127.0.0.1 /Public/Admin/Js/jquery.min.map
ERR: 无法加载控制器:Public

[ 2019-10-23T16:27:48+08:00 ] 127.0.0.1 /Public/Admin/Js/jquery.min.map
ERR: 无法加载控制器:Public

[ 2019-10-23T16:27:49+08:00 ] 127.0.0.1 /Public/Admin/Js/jquery.min.map
ERR: 无法加载控制器:Public

[ 2019-10-23T16:27:50+08:00 ] 127.0.0.1 /Public/Admin/Js/jquery.min.map
ERR: 无法加载控制器:Public

[ 2019-10-23T16:28:12+08:00 ] 127.0.0.1 /Public/Admin/Js/jquery.min.map
ERR: 无法加载控制器:Public

[ 2019-10-23T16:28:13+08:00 ] 127.0.0.1 /Public/Admin/Js/jquery.min.map
ERR: 无法加载控制器:Public

[ 2019-10-23T16:28:35+08:00 ] 127.0.0.1 /Public/Admin/Js/jquery.min.map
ERR: 无法加载控制器:Public

[ 2019-10-23T16:32:26+08:00 ] 127.0.0.1 /Public/Admin/Js/jquery.min.map
ERR: 无法加载控制器:Public

[ 2019-10-23T16:32:32+08:00 ] 127.0.0.1 /Public/Admin/Js/jquery.min.map
ERR: 无法加载控制器:Public

[ 2019-10-23T16:32:34+08:00 ] 127.0.0.1 /Public/Admin/Js/jquery.min.map
ERR: 无法加载控制器:Public

[ 2019-10-23T16:32:35+08:00 ] 127.0.0.1 /Public/Admin/Js/jquery.min.map
ERR: 无法加载控制器:Public

[ 2019-10-23T16:32:37+08:00 ] 127.0.0.1 /Public/Admin/Js/jquery.min.map
ERR: 无法加载控制器:Public

[ 2019-10-23T16:32:38+08:00 ] 127.0.0.1 /Public/Admin/Js/jquery.min.map
ERR: 无法加载控制器:Public

[ 2019-10-23T16:32:42+08:00 ] 127.0.0.1 /Public/Admin/Js/jquery.min.map
ERR: 无法加载控制器:Public

[ 2019-10-23T16:32:43+08:00 ] 127.0.0.1 /Public/Admin/Js/jquery.min.map
ERR: 无法加载控制器:Public

[ 2019-10-23T16:32:46+08:00 ] 127.0.0.1 /Public/Admin/Js/jquery.min.map
ERR: 无法加载控制器:Public

[ 2019-10-23T16:36:48+08:00 ] 127.0.0.1 /Public/Admin/Js/jquery.min.map
ERR: 无法加载控制器:Public

[ 2019-10-23T16:37:23+08:00 ] 127.0.0.1 /Public/Admin/Js/jquery.min.map
ERR: 无法加载控制器:Public

[ 2019-10-23T16:38:06+08:00 ] 127.0.0.1 /Public/Admin/Js/jquery.min.map
ERR: 无法加载控制器:Public

[ 2019-10-23T16:38:14+08:00 ] 127.0.0.1 /Public/Admin/Js/jquery.min.map
ERR: 无法加载控制器:Public

[ 2019-10-23T16:38:19+08:00 ] 127.0.0.1 /Public/Admin/Js/jquery.min.map
ERR: 无法加载控制器:Public

[ 2019-10-23T16:38:33+08:00 ] 127.0.0.1 /Public/Admin/Js/jquery.min.map
ERR: 无法加载控制器:Public

[ 2019-10-23T16:38:46+08:00 ] 127.0.0.1 /Public/Admin/Js/jquery.min.map
ERR: 无法加载控制器:Public

[ 2019-10-23T16:41:09+08:00 ] 127.0.0.1 /Public/Admin/Js/jquery.min.map
ERR: 无法加载控制器:Public

[ 2019-10-23T16:45:14+08:00 ] 127.0.0.1 /Public/Admin/Js/jquery.min.map
ERR: 无法加载控制器:Public

[ 2019-10-23T16:45:44+08:00 ] 127.0.0.1 /Public/Admin/Js/jquery.min.map
ERR: 无法加载控制器:Public

[ 2019-10-23T16:47:28+08:00 ] 127.0.0.1 /Public/Admin/Js/jquery.min.map
ERR: 无法加载控制器:Public

[ 2019-10-23T16:47:56+08:00 ] 127.0.0.1 /Public/Admin/Js/jquery.min.map
ERR: 无法加载控制器:Public

[ 2019-10-23T16:48:15+08:00 ] 127.0.0.1 /Public/Admin/Js/jquery.min.map
ERR: 无法加载控制器:Public

[ 2019-10-23T16:48:16+08:00 ] 127.0.0.1 /Public/Admin/Js/jquery.min.map
ERR: 无法加载控制器:Public

[ 2019-10-23T16:57:12+08:00 ] 127.0.0.1 /Public/Admin/Js/jquery.min.map
ERR: 无法加载控制器:Public

[ 2019-10-23T16:57:16+08:00 ] 127.0.0.1 /Public/Admin/Js/jquery.min.map
ERR: 无法加载控制器:Public

[ 2019-10-23T16:57:18+08:00 ] 127.0.0.1 /Public/Admin/Js/jquery.min.map
ERR: 无法加载控制器:Public

[ 2019-10-23T16:57:22+08:00 ] 127.0.0.1 /Public/Admin/Js/jquery.min.map
ERR: 无法加载控制器:Public

[ 2019-10-23T16:57:33+08:00 ] 127.0.0.1 /Public/Admin/Js/jquery.min.map
ERR: 无法加载控制器:Public

[ 2019-10-23T16:57:35+08:00 ] 127.0.0.1 /Public/Admin/Js/jquery.min.map
ERR: 无法加载控制器:Public

[ 2019-10-23T16:57:36+08:00 ] 127.0.0.1 /Public/Admin/Js/jquery.min.map
ERR: 无法加载控制器:Public

[ 2019-10-23T16:58:07+08:00 ] 127.0.0.1 /Public/Admin/Js/jquery.min.map
ERR: 无法加载控制器:Public

[ 2019-10-23T16:58:53+08:00 ] 127.0.0.1 /Public/Admin/Js/jquery.min.map
ERR: 无法加载控制器:Public

[ 2019-10-23T16:59:07+08:00 ] 127.0.0.1 /Public/Admin/Js/jquery.min.map
ERR: 无法加载控制器:Public

[ 2019-10-23T16:59:48+08:00 ] 127.0.0.1 /Public/Admin/Js/jquery.min.map
ERR: 无法加载控制器:Public

[ 2019-10-23T17:00:03+08:00 ] 127.0.0.1 /Public/Admin/Js/jquery.min.map
ERR: 无法加载控制器:Public

[ 2019-10-23T17:00:10+08:00 ] 127.0.0.1 /Public/Admin/Js/jquery.min.map
ERR: 无法加载控制器:Public

[ 2019-10-23T17:00:11+08:00 ] 127.0.0.1 /Public/Admin/Js/jquery.min.map
ERR: 无法加载控制器:Public

[ 2019-10-23T17:00:13+08:00 ] 127.0.0.1 /Public/Admin/Js/jquery.min.map
ERR: 无法加载控制器:Public

[ 2019-10-23T17:00:16+08:00 ] 127.0.0.1 /Public/Admin/Js/jquery.min.map
ERR: 无法加载控制器:Public

[ 2019-10-23T17:00:37+08:00 ] 127.0.0.1 /Public/Admin/Js/jquery.min.map
ERR: 无法加载控制器:Public

[ 2019-10-23T17:02:10+08:00 ] 127.0.0.1 /Public/Admin/Js/jquery.min.map
ERR: 无法加载控制器:Public

